[debug] [2020-09-27T05:47:38.252Z] ----------------------------------------------------------------------
[debug] [2020-09-27T05:47:38.255Z] Command:       C:\Program Files\nodejs\node.exe C:\Users\hamis\AppData\Roaming\npm\node_modules\firebase-tools\lib\bin\firebase.js init
[debug] [2020-09-27T05:47:38.255Z] CLI Version:   8.11.2
[debug] [2020-09-27T05:47:38.255Z] Platform:      win32
[debug] [2020-09-27T05:47:38.255Z] Node Version:  v12.13.0
[debug] [2020-09-27T05:47:38.261Z] Time:          Sun Sep 27 2020 15:47:38 GMT+1000 (Australian Eastern Standard Time)
[debug] [2020-09-27T05:47:38.261Z] ----------------------------------------------------------------------
[debug] [2020-09-27T05:47:38.261Z] 
[debug] [2020-09-27T05:47:38.270Z] > command requires scopes: ["email","openid","https://www.googleapis.com/auth/cloudplatformprojects.readonly","https://www.googleapis.com/auth/firebase","https://www.googleapis.com/auth/cloud-platform"]
[debug] [2020-09-27T05:47:38.270Z] > authorizing via signed-in user
[info] 
     ######## #### ########  ######## ########     ###     ######  ########
     ##        ##  ##     ## ##       ##     ##  ##   ##  ##       ##
     ######    ##  ########  ######   ########  #########  ######  ######
     ##        ##  ##    ##  ##       ##     ## ##     ##       ## ##
     ##       #### ##     ## ######## ########  ##     ##  ######  ########

You're about to initialize a Firebase project in this directory:

  C:\Users\hamis\Documents\ActuallyMyStuff\Programming etc\rplace-clone

Before we get started, keep in mind:

  * You are initializing in an existing Firebase project directory

